2025-06-20 18:33:07,899 - INFO - Starting extraction from 白话资治通鉴01—周威烈王二十三年.至.汉惠帝七_djvu.txt
2025-06-20 18:33:07,921 - INFO - Found 101 pages
2025-06-20 18:33:07,922 - INFO - Saved page 4 of chapter 1 to 004_01_。_周_威_烈_王_二_十_三_年.txt
2025-06-20 18:33:07,922 - INFO - Saved page 6 of chapter 1 to 006_01_周_威_烈_王_二_十_三_年.txt
2025-06-20 18:33:07,922 - INFO - Saved page 8 of chapter 1 to 008_01_。_再_威_烈_王_二_十_三_年.txt
2025-06-20 18:33:07,922 - INFO - Saved page 10 of chapter 1 to 010_01_周_威_烈_王_二_十_三_年.txt
2025-06-20 18:33:07,922 - INFO - Saved page 12 of chapter 1 to 012_01_寺_威_烈_王_二_十_四_年.txt
2025-06-20 18:33:07,922 - INFO - Saved page 14 of chapter 1 to 014_01_周_安_王_十_五_年.txt
2025-06-20 18:33:07,922 - INFO - Saved page 16 of chapter 1 to 016_01_。_同安_王_二_十_年.txt
2025-06-20 18:33:07,928 - INFO - Saved page 18 of chapter 1 to 018_01_′_周_烈_王_三_年.txt
2025-06-20 18:33:07,928 - INFO - Saved page 22 of chapter 2 to 022_02_周_显_王八_年.txt
2025-06-20 18:33:07,929 - INFO - Saved page 24 of chapter 2 to 024_02_周_显_王_十_年.txt
2025-06-20 18:33:07,930 - INFO - Saved page 26 of chapter 2 to 026_02_周_显_王_十_六_年.txt
2025-06-20 18:33:07,931 - INFO - Saved page 28 of chapter 2 to 028_02_周_显_王_二_十_一_年.txt
2025-06-20 18:33:07,931 - INFO - Saved page 30 of chapter 2 to 030_02_周_显_王_二_十_九_年.txt
2025-06-20 18:33:07,932 - INFO - Saved page 32 of chapter 2 to 032_02_周_显_王_三_十_二_年.txt
2025-06-20 18:33:07,933 - INFO - Saved page 34 of chapter 2 to 034_02_”_周_显_王_三_十_六_年.txt
2025-06-20 18:33:07,934 - INFO - Saved page 36 of chapter 2 to 036_02_周_显_王_三_十_六_年.txt
2025-06-20 18:33:07,934 - INFO - Saved page 38 of chapter 2 to 038_02_周_显_王_四_十_二_年.txt
2025-06-20 18:33:07,935 - INFO - Saved page 40 of chapter 2 to 040_02_周_显_王_四_十_八_年.txt
2025-06-20 18:33:07,936 - INFO - Saved page 44 of chapter 3 to 044_03_周_慎_靓_王_五_年.txt
2025-06-20 18:33:07,937 - INFO - Saved page 46 of chapter 3 to 046_03_周_破_王_元_年.txt
2025-06-20 18:33:07,937 - INFO - Saved page 48 of chapter 3 to 048_03_周_破_王_三_年.txt
2025-06-20 18:33:07,938 - INFO - Saved page 50 of chapter 3 to 050_03_。”_周_地_王_四_年.txt
2025-06-20 18:33:07,938 - INFO - Saved page 52 of chapter 3 to 052_03_周_融_王_五_年.txt
2025-06-20 18:33:07,938 - INFO - Saved page 54 of chapter 3 to 054_03_周_顾_王八_年_前_307》.txt
2025-06-20 18:33:07,938 - INFO - Saved page 58 of chapter 3 to 058_03_周_融_王_十_七_年.txt
2025-06-20 18:33:07,938 - INFO - Saved page 60 of chapter 3 to 060_03_周_坡_王_十_七_年.txt
2025-06-20 18:33:07,938 - INFO - Saved page 62 of chapter 4 to 062_04_周报_王_二_十_年.txt
2025-06-20 18:33:07,943 - INFO - Saved page 64 of chapter 4 to 064_04_周_靶_王_二_十_四_年.txt
2025-06-20 18:33:07,944 - INFO - Saved page 66 of chapter 4 to 066_04_周_袁_王_三_十_一_年.txt
2025-06-20 18:33:07,944 - INFO - Saved page 68 of chapter 4 to 068_04_周_荫_王_三_十_一_年.txt
2025-06-20 18:33:07,945 - INFO - Saved page 70 of chapter 4 to 070_04_周_厄_主_三_十_二_年.txt
2025-06-20 18:33:07,945 - INFO - Saved page 72 of chapter 4 to 072_04_周_地_王_三_十_六_年.txt
2025-06-20 18:33:07,946 - INFO - Saved page 74 of chapter 4 to 074_04_周_划_王_三_十_六_年.txt
2025-06-20 18:33:07,947 - INFO - Saved page 76 of chapter 4 to 076_04_”_周_厄_王_三_十_六_年.txt
2025-06-20 18:33:07,948 - INFO - Saved page 78 of chapter 4 to 078_04_周_玻_王_三_十_七_年.txt
2025-06-20 18:33:07,948 - INFO - Saved page 80 of chapter 4 to 080_04_周报_王_四_十_二_年.txt
2025-06-20 18:33:07,949 - INFO - Saved page 82 of chapter 4 to 082_04_”周报_王_四_十_二_年.txt
2025-06-20 18:33:07,950 - INFO - Saved page 84 of chapter 5 to 084_05_周_融_王_四_十_五_年.txt
2025-06-20 18:33:07,950 - INFO - Saved page 86 of chapter 5 to 086_05_周_琉_王_四_十_六_年.txt
2025-06-20 18:33:07,952 - INFO - Saved page 88 of chapter 5 to 088_05_周_部_王_五_十_年.txt
2025-06-20 18:33:07,953 - INFO - Saved page 90 of chapter 5 to 090_05_周_攻_王_五_十_二_年.txt
2025-06-20 18:33:07,953 - INFO - Saved page 92 of chapter 5 to 092_05_。”_周_起_王_五_十_五_年.txt
2025-06-20 18:33:07,954 - INFO - Saved page 94 of chapter 5 to 094_05_周_节_王_五_十_六_年.txt
2025-06-20 18:33:07,956 - INFO - Saved page 96 of chapter 5 to 096_05_周_坡_王_五_十_六_年.txt
2025-06-20 18:33:07,956 - INFO - Saved page 98 of chapter 5 to 098_05_。”_周_融_王_五_十_七_年.txt
2025-06-20 18:33:07,957 - INFO - Saved page 100 of chapter 5 to 100_05_。_周_靶_王_五_十_七_年.txt
2025-06-20 18:33:07,958 - INFO - Saved page 102 of chapter 5 to 102_05_周_臣_王_五_十_八_年.txt
2025-06-20 18:33:07,959 - INFO - Saved page 104 of chapter 5 to 104_05_周_地_王_五_十_九_年.txt
2025-06-20 18:33:07,960 - INFO - Saved page 108 of chapter 6 to 108_06_”_秦昭襄_王_五_十_二_年.txt
2025-06-20 18:33:07,961 - INFO - Saved page 110 of chapter 6 to 110_06_秦昭襄_王_五_十_二_年.txt
2025-06-20 18:33:07,962 - INFO - Saved page 112 of chapter 6 to 112_06_秦_昭_训_王_五_十_二_年.txt
2025-06-20 18:33:07,963 - INFO - Saved page 116 of chapter 6 to 116_06_秦_庄_襄_王_三_年.txt
2025-06-20 18:33:07,964 - INFO - Saved page 118 of chapter 6 to 118_06_秦始皇_帝_元_年.txt
2025-06-20 18:33:07,965 - INFO - Saved page 120 of chapter 6 to 120_06_秦始皇_帝_三_年.txt
2025-06-20 18:33:07,966 - INFO - Saved page 122 of chapter 6 to 122_06_秦始皇_帝_六_年.txt
2025-06-20 18:33:07,966 - INFO - Saved page 124 of chapter 6 to 124_06_秦始皇_帝_九_年.txt
2025-06-20 18:33:07,969 - INFO - Saved page 126 of chapter 6 to 126_06_秦始皇_帝_十_年.txt
2025-06-20 18:33:07,971 - INFO - Saved page 128 of chapter 6 to 128_06_秦始皇_帝_十_二_年.txt
2025-06-20 18:33:07,971 - INFO - Saved page 130 of chapter 6 to 130_06_秦始皇_帝_十_五_年.txt
2025-06-20 18:33:07,972 - INFO - Saved page 132 of chapter 6 to 132_06_”秦始皇_帝_十_九_年.txt
2025-06-20 18:33:07,973 - INFO - Saved page 136 of chapter 7 to 136_07_”秦始皇_帝_二_十_三_年.txt
2025-06-20 18:33:07,974 - INFO - Saved page 138 of chapter 7 to 138_07_秦始皇_帝_二_十_五_年.txt
2025-06-20 18:33:07,975 - INFO - Saved page 140 of chapter 7 to 140_07_。_秦始皇_帝_二_十_六_年.txt
2025-06-20 18:33:07,976 - INFO - Saved page 144 of chapter 7 to 144_07_”秦始皇_帝_三_十_五_年.txt
2025-06-20 18:33:07,976 - INFO - Saved page 146 of chapter 7 to 146_07_秦始皇_帝_三_十_七_年.txt
2025-06-20 18:33:07,977 - INFO - Saved page 148 of chapter 7 to 148_07_。_秦始皇_帝_三_十_七_年.txt
2025-06-20 18:33:07,978 - INFO - Saved page 150 of chapter 7 to 150_07_秦_二_世_皇_帝_元_年.txt
2025-06-20 18:33:07,979 - INFO - Saved page 152 of chapter 7 to 152_07_秦_二_世_皇_帝_元_年.txt
2025-06-20 18:33:07,980 - INFO - Saved page 154 of chapter 7 to 154_07_。”_”_秦_二_世_皇_帝_元_年.txt
2025-06-20 18:33:07,981 - INFO - Saved page 156 of chapter 7 to 156_07_秦_二_世_皇_帝_元_年.txt
2025-06-20 18:33:07,982 - INFO - Saved page 158 of chapter 7 to 158_07_秦_二_世_皇_帝_元_年.txt
2025-06-20 18:33:07,983 - INFO - Saved page 160 of chapter 8 to 160_08_内_二_志和_皇帝_二_年.txt
2025-06-20 18:33:07,984 - INFO - Saved page 162 of chapter 8 to 162_08_。”_秦_二_世_皇_帝_二_年.txt
2025-06-20 18:33:07,985 - INFO - Saved page 164 of chapter 8 to 164_08_秦_二_世_皇_帝_二_年.txt
2025-06-20 18:33:07,986 - INFO - Saved page 166 of chapter 8 to 166_08_秦_二_世_皇_帝_二_年.txt
2025-06-20 18:33:07,987 - INFO - Saved page 168 of chapter 8 to 168_08_秦_二_志和_皇帝_二_年.txt
2025-06-20 18:33:07,988 - INFO - Saved page 170 of chapter 8 to 170_08_秦_二_志_皇_帝_二_年.txt
2025-06-20 18:33:07,989 - INFO - Saved page 172 of chapter 8 to 172_08_秦_二_世_皇_帝_三_年.txt
2025-06-20 18:33:07,989 - INFO - Saved page 176 of chapter 8 to 176_08_””_秦_二_世_和_皇帝_三_年.txt
2025-06-20 18:33:07,989 - INFO - Saved page 178 of chapter 8 to 178_08_秦_二_世_皇_帝_三_年.txt
2025-06-20 18:33:07,991 - INFO - Saved page 180 of chapter 8 to 180_08_秦_二_世_皇_帝_三_年.txt
2025-06-20 18:33:07,991 - INFO - Saved page 184 of chapter 9 to 184_09_。”_汉_高_帝_元_年.txt
2025-06-20 18:33:07,991 - INFO - Saved page 186 of chapter 9 to 186_09_汉_高_帝_元_年.txt
2025-06-20 18:33:07,991 - INFO - Saved page 188 of chapter 9 to 188_09_汉_高_帝_元_年.txt
2025-06-20 18:33:07,991 - INFO - Saved page 192 of chapter 9 to 192_09_汉_高_帝_元_年.txt
2025-06-20 18:33:07,994 - INFO - Saved page 194 of chapter 9 to 194_09_汉_高_帝_元_年.txt
2025-06-20 18:33:07,995 - INFO - Saved page 196 of chapter 9 to 196_09_汉_高_帝_二_年.txt
2025-06-20 18:33:07,995 - INFO - Saved page 198 of chapter 9 to 198_09_汉_高_帝_二_年.txt
2025-06-20 18:33:07,996 - INFO - Saved page 200 of chapter 9 to 200_09_汉_高_帝_二_年.txt
2025-06-20 18:33:07,997 - INFO - Saved page 202 of chapter 9 to 202_09_汉_高_帝_二_年_前_205》.txt
2025-06-20 18:33:07,997 - INFO - Saved page 204 of chapter 10 to 204_10_。_汉_高_帝_三_年.txt
2025-06-20 18:33:07,998 - INFO - Saved page 206 of chapter 10 to 206_10_。_汉_高_帝_三_年.txt
2025-06-20 18:33:07,999 - INFO - Saved page 208 of chapter 10 to 208_10_汉_高_帝_三_年.txt
2025-06-20 18:33:07,999 - INFO - Saved page 210 of chapter 10 to 210_10_汉_高_帝_三_年.txt
2025-06-20 18:33:08,001 - INFO - Saved page 212 of chapter 10 to 212_10_汉_高_帝_三_年.txt
2025-06-20 18:33:08,002 - INFO - Saved page 214 of chapter 10 to 214_10_汉_高_帝_三_年.txt
2025-06-20 18:33:08,002 - INFO - Saved page 216 of chapter 10 to 216_10_汉_高_帝_三_年.txt
2025-06-20 18:33:08,004 - INFO - Saved page 218 of chapter 10 to 218_10_汉_高_帝_四_年.txt
2025-06-20 18:33:08,004 - INFO - Saved page 220 of chapter 10 to 220_10_汉_高_帝_四_年.txt
2025-06-20 18:33:08,005 - INFO - Saved page 222 of chapter 10 to 222_10_汉_高_帝_四_年.txt
2025-06-20 18:33:08,007 - INFO - Saved page 224 of chapter 10 to 224_10_汉_高_帝_四_年.txt
2025-06-20 18:33:08,007 - INFO - Extraction complete!
2025-06-20 18:33:08,007 - INFO - Page range: 4 - 224
2025-06-20 18:33:08,007 - INFO - Chapter range: 1 - 10
2025-06-20 18:33:08,007 - INFO - Total files created: 101
2025-06-20 18:33:08,007 - INFO - ✓ All pages and chapters are in correct order
2025-06-20 18:38:38,373 - INFO - Starting extraction from 白话资治通鉴01—周威烈王二十三年.至.汉惠帝七_djvu.txt
2025-06-20 18:38:38,395 - INFO - Found 201 pages
2025-06-20 18:38:38,395 - INFO - Saved page 3 of chapter 1 to 003_01_周_威_烈_王_二_十_三_年.txt
2025-06-20 18:38:38,395 - INFO - Saved page 4 of chapter 1 to 004_01_。_周_威_烈_王_二_十_三_年.txt
2025-06-20 18:38:38,395 - INFO - Saved page 5 of chapter 1 to 005_01_周_威_烈_王_二_十_三_年.txt
2025-06-20 18:38:38,395 - INFO - Saved page 6 of chapter 1 to 006_01_周_威_烈_王_二_十_三_年.txt
2025-06-20 18:38:38,405 - INFO - Saved page 7 of chapter 1 to 007_01_周_威_烈_王_二_十_三_年.txt
2025-06-20 18:38:38,405 - INFO - Saved page 8 of chapter 1 to 008_01_。_再_威_烈_王_二_十_三_年.txt
2025-06-20 18:38:38,406 - INFO - Saved page 9 of chapter 1 to 009_01_周_威_烈_王_二_十_三_年.txt
2025-06-20 18:38:38,408 - INFO - Saved page 10 of chapter 1 to 010_01_周_威_烈_王_二_十_三_年.txt
2025-06-20 18:38:38,408 - INFO - Saved page 11 of chapter 1 to 011_01_周_威_烈_王_二_十_三_年.txt
2025-06-20 18:38:38,409 - INFO - Saved page 12 of chapter 1 to 012_01_寺_威_烈_王_二_十_四_年.txt
2025-06-20 18:38:38,410 - INFO - Saved page 13 of chapter 1 to 013_01_周_安_王_六_年.txt
2025-06-20 18:38:38,411 - INFO - Saved page 14 of chapter 1 to 014_01_周_安_王_十_五_年.txt
2025-06-20 18:38:38,411 - INFO - Saved page 15 of chapter 1 to 015_01_周_安_王_十_六_年.txt
2025-06-20 18:38:38,412 - INFO - Saved page 16 of chapter 1 to 016_01_。_同安_王_二_十_年.txt
2025-06-20 18:38:38,413 - INFO - Saved page 17 of chapter 1 to 017_01_周_安_王_二_十_六_年.txt
2025-06-20 18:38:38,413 - INFO - Saved page 18 of chapter 1 to 018_01_′_周_烈_王_三_年.txt
2025-06-20 18:38:38,414 - INFO - Saved page 19 of chapter 1 to 019_01_周_烈_王_七_年.txt
2025-06-20 18:38:38,414 - INFO - Saved page 22 of chapter 2 to 022_02_周_显_王八_年.txt
2025-06-20 18:38:38,415 - INFO - Saved page 23 of chapter 2 to 023_02_周_显_王_十_年.txt
2025-06-20 18:38:38,416 - INFO - Saved page 24 of chapter 2 to 024_02_周_显_王_十_年.txt
2025-06-20 18:38:38,417 - INFO - Saved page 25 of chapter 2 to 025_02_周_显_王_十_一_年.txt
2025-06-20 18:38:38,418 - INFO - Saved page 26 of chapter 2 to 026_02_周_显_王_十_六_年.txt
2025-06-20 18:38:38,418 - INFO - Saved page 27 of chapter 2 to 027_02_周_显_王_十_七_年.txt
2025-06-20 18:38:38,419 - INFO - Saved page 28 of chapter 2 to 028_02_周_显_王_二_十_一_年.txt
2025-06-20 18:38:38,420 - INFO - Saved page 29 of chapter 2 to 029_02_周_显_王_二_十_八_年.txt
2025-06-20 18:38:38,420 - INFO - Saved page 30 of chapter 2 to 030_02_周_显_王_二_十_九_年.txt
2025-06-20 18:38:38,420 - INFO - Saved page 31 of chapter 2 to 031_02_，_周_显_王_三_十_一_年.txt
2025-06-20 18:38:38,422 - INFO - Saved page 32 of chapter 2 to 032_02_周_显_王_三_十_二_年.txt
2025-06-20 18:38:38,422 - INFO - Saved page 33 of chapter 2 to 033_02_周_显_王_三_十_五_年.txt
2025-06-20 18:38:38,423 - INFO - Saved page 34 of chapter 2 to 034_02_”_周_显_王_三_十_六_年.txt
2025-06-20 18:38:38,424 - INFO - Saved page 35 of chapter 2 to 035_02_周_显_王_三_十_六_年.txt
2025-06-20 18:38:38,424 - INFO - Saved page 36 of chapter 2 to 036_02_周_显_王_三_十_六_年.txt
2025-06-20 18:38:38,425 - INFO - Saved page 37 of chapter 2 to 037_02_周_显_王_三_十_七_年.txt
2025-06-20 18:38:38,426 - INFO - Saved page 38 of chapter 2 to 038_02_周_显_王_四_十_二_年.txt
2025-06-20 18:38:38,427 - INFO - Saved page 39 of chapter 2 to 039_02_。”_周_显_王_四_十_六_年.txt
2025-06-20 18:38:38,427 - INFO - Saved page 40 of chapter 2 to 040_02_周_显_王_四_十_八_年.txt
2025-06-20 18:38:38,428 - INFO - Saved page 41 of chapter 2 to 041_02_周_显_王_四_十_八_年.txt
2025-06-20 18:38:38,429 - INFO - Saved page 43 of chapter 3 to 043_03_周_慎_靓_王_五_年.txt
2025-06-20 18:38:38,429 - INFO - Saved page 44 of chapter 3 to 044_03_周_慎_靓_王_五_年.txt
2025-06-20 18:38:38,430 - INFO - Saved page 45 of chapter 3 to 045_03_周_愤_靓_王_六_年.txt
2025-06-20 18:38:38,430 - INFO - Saved page 46 of chapter 3 to 046_03_周_破_王_元_年.txt
2025-06-20 18:38:38,430 - INFO - Saved page 47 of chapter 3 to 047_03_”_周_荫_王_二_年.txt
2025-06-20 18:38:38,430 - INFO - Saved page 48 of chapter 3 to 048_03_周_破_王_三_年.txt
2025-06-20 18:38:38,430 - INFO - Saved page 49 of chapter 3 to 049_03_周_地_王_四_年.txt
2025-06-20 18:38:38,434 - INFO - Saved page 50 of chapter 3 to 050_03_。”_周_地_王_四_年.txt
2025-06-20 18:38:38,435 - INFO - Saved page 51 of chapter 3 to 051_03_周_戎_王_五_年.txt
2025-06-20 18:38:38,435 - INFO - Saved page 52 of chapter 3 to 052_03_周_融_王_五_年.txt
2025-06-20 18:38:38,436 - INFO - Saved page 53 of chapter 3 to 053_03_辕_屯_王_六_年.txt
2025-06-20 18:38:38,436 - INFO - Saved page 54 of chapter 3 to 054_03_周_顾_王八_年_前_307》.txt
2025-06-20 18:38:38,437 - INFO - Saved page 55 of chapter 3 to 055_03_周_地_王_九_年.txt
2025-06-20 18:38:38,438 - INFO - Saved page 57 of chapter 3 to 057_03_周_荫_王_十_五_年.txt
2025-06-20 18:38:38,439 - INFO - Saved page 58 of chapter 3 to 058_03_周_融_王_十_七_年.txt
2025-06-20 18:38:38,439 - INFO - Saved page 59 of chapter 3 to 059_03_周_地_王_十_七_年.txt
2025-06-20 18:38:38,440 - INFO - Saved page 60 of chapter 3 to 060_03_周_坡_王_十_七_年.txt
2025-06-20 18:38:38,441 - INFO - Saved page 62 of chapter 4 to 062_04_周报_王_二_十_年.txt
2025-06-20 18:38:38,441 - INFO - Saved page 63 of chapter 4 to 063_04_。”_周_地_王_二_十_一_年.txt
2025-06-20 18:38:38,442 - INFO - Saved page 64 of chapter 4 to 064_04_周_靶_王_二_十_四_年.txt
2025-06-20 18:38:38,443 - INFO - Saved page 65 of chapter 4 to 065_04_”周报_王_二_十_八_年.txt
2025-06-20 18:38:38,444 - INFO - Saved page 66 of chapter 4 to 066_04_周_袁_王_三_十_一_年.txt
2025-06-20 18:38:38,445 - INFO - Saved page 67 of chapter 4 to 067_04_周报_王_三_十_一_年.txt
2025-06-20 18:38:38,446 - INFO - Saved page 68 of chapter 4 to 068_04_周_荫_王_三_十_一_年.txt
2025-06-20 18:38:38,446 - INFO - Saved page 69 of chapter 4 to 069_04_周报_王_三_十_二_年.txt
2025-06-20 18:38:38,447 - INFO - Saved page 70 of chapter 4 to 070_04_周_厄_主_三_十_二_年.txt
2025-06-20 18:38:38,447 - INFO - Saved page 71 of chapter 4 to 071_04_周_屯_王_三_十_三_年.txt
2025-06-20 18:38:38,447 - INFO - Saved page 72 of chapter 4 to 072_04_周_地_王_三_十_六_年.txt
2025-06-20 18:38:38,447 - INFO - Saved page 73 of chapter 4 to 073_04_周_起_王_三_十_六_年.txt
2025-06-20 18:38:38,447 - INFO - Saved page 74 of chapter 4 to 074_04_周_划_王_三_十_六_年.txt
2025-06-20 18:38:38,447 - INFO - Saved page 75 of chapter 4 to 075_04_周报_王_三_十_六_年.txt
2025-06-20 18:38:38,452 - INFO - Saved page 76 of chapter 4 to 076_04_”_周_厄_王_三_十_六_年.txt
2025-06-20 18:38:38,452 - INFO - Saved page 77 of chapter 4 to 077_04_。”_周_破_王_三_十_六_年.txt
2025-06-20 18:38:38,453 - INFO - Saved page 78 of chapter 4 to 078_04_周_玻_王_三_十_七_年.txt
2025-06-20 18:38:38,454 - INFO - Saved page 79 of chapter 4 to 079_04_周报_王_三_十_八_年.txt
2025-06-20 18:38:38,455 - INFO - Saved page 80 of chapter 4 to 080_04_周报_王_四_十_二_年.txt
2025-06-20 18:38:38,455 - INFO - Saved page 81 of chapter 4 to 081_04_周_屯_王_四_十_二_年.txt
2025-06-20 18:38:38,456 - INFO - Saved page 82 of chapter 4 to 082_04_”周报_王_四_十_二_年.txt
2025-06-20 18:38:38,457 - INFO - Saved page 84 of chapter 5 to 084_05_周_融_王_四_十_五_年.txt
2025-06-20 18:38:38,458 - INFO - Saved page 85 of chapter 5 to 085_05_周_厅_王_四_十_五_年.txt
2025-06-20 18:38:38,459 - INFO - Saved page 86 of chapter 5 to 086_05_周_琉_王_四_十_六_年.txt
2025-06-20 18:38:38,460 - INFO - Saved page 87 of chapter 5 to 087_05_周_玻_王_四_十_九_年.txt
2025-06-20 18:38:38,461 - INFO - Saved page 88 of chapter 5 to 088_05_周_部_王_五_十_年.txt
2025-06-20 18:38:38,462 - INFO - Saved page 89 of chapter 5 to 089_05_。”_周_起_王_五_十_一_年.txt
2025-06-20 18:38:38,462 - INFO - Saved page 90 of chapter 5 to 090_05_周_攻_王_五_十_二_年.txt
2025-06-20 18:38:38,463 - INFO - Saved page 91 of chapter 5 to 091_05_。_周_坡_王_五_十_五_年.txt
2025-06-20 18:38:38,464 - INFO - Saved page 92 of chapter 5 to 092_05_。”_周_起_王_五_十_五_年.txt
2025-06-20 18:38:38,465 - INFO - Saved page 93 of chapter 5 to 093_05_周_闻_王_五_十_五_年.txt
2025-06-20 18:38:38,465 - INFO - Saved page 94 of chapter 5 to 094_05_周_节_王_五_十_六_年.txt
2025-06-20 18:38:38,465 - INFO - Saved page 95 of chapter 5 to 095_05_周报_王_五_十_六_年.txt
2025-06-20 18:38:38,465 - INFO - Saved page 96 of chapter 5 to 096_05_周_坡_王_五_十_六_年.txt
2025-06-20 18:38:38,465 - INFO - Saved page 97 of chapter 5 to 097_05_周_节_王_五_十_七_年.txt
2025-06-20 18:38:38,468 - INFO - Saved page 98 of chapter 5 to 098_05_。”_周_融_王_五_十_七_年.txt
2025-06-20 18:38:38,469 - INFO - Saved page 100 of chapter 5 to 100_05_。_周_靶_王_五_十_七_年.txt
2025-06-20 18:38:38,469 - INFO - Saved page 102 of chapter 5 to 102_05_周_臣_王_五_十_八_年.txt
2025-06-20 18:38:38,470 - INFO - Saved page 103 of chapter 5 to 103_05_”_周_坡_王_五_十_八_年.txt
2025-06-20 18:38:38,471 - INFO - Saved page 104 of chapter 5 to 104_05_周_地_王_五_十_九_年.txt
2025-06-20 18:38:38,471 - INFO - Saved page 105 of chapter 5 to 105_05_。_周_起_王_五_十_九_年.txt
2025-06-20 18:38:38,472 - INFO - Saved page 107 of chapter 6 to 107_06_。”_秦_昭_惠_王_五_十_二_年.txt
2025-06-20 18:38:38,473 - INFO - Saved page 108 of chapter 6 to 108_06_”_秦昭襄_王_五_十_二_年.txt
2025-06-20 18:38:38,474 - INFO - Saved page 109 of chapter 6 to 109_06_。”_秦昭襄_王_五_十_二_年.txt
2025-06-20 18:38:38,475 - INFO - Saved page 110 of chapter 6 to 110_06_秦昭襄_王_五_十_二_年.txt
2025-06-20 18:38:38,477 - INFO - Saved page 111 of chapter 6 to 111_06_秦_昭_衷_王_五_十_二_年.txt
2025-06-20 18:38:38,478 - INFO - Saved page 112 of chapter 6 to 112_06_秦_昭_训_王_五_十_二_年.txt
2025-06-20 18:38:38,478 - INFO - Saved page 113 of chapter 6 to 113_06_秦_昭_囊_王_五_十_三_年.txt
2025-06-20 18:38:38,479 - INFO - Saved page 115 of chapter 6 to 115_06_秦_庄_囊_王_元_年.txt
2025-06-20 18:38:38,480 - INFO - Saved page 116 of chapter 6 to 116_06_秦_庄_襄_王_三_年.txt
2025-06-20 18:38:38,481 - INFO - Saved page 117 of chapter 6 to 117_06_秦_庄_圳_王_三_年.txt
2025-06-20 18:38:38,481 - INFO - Saved page 118 of chapter 6 to 118_06_秦始皇_帝_元_年.txt
2025-06-20 18:38:38,481 - INFO - Saved page 119 of chapter 6 to 119_06_”秦始皇_帝_三_年.txt
2025-06-20 18:38:38,481 - INFO - Saved page 120 of chapter 6 to 120_06_秦始皇_帝_三_年.txt
2025-06-20 18:38:38,484 - INFO - Saved page 121 of chapter 6 to 121_06_秦始皇_帝_四_年.txt
2025-06-20 18:38:38,485 - INFO - Saved page 122 of chapter 6 to 122_06_秦始皇_帝_六_年.txt
2025-06-20 18:38:38,486 - INFO - Saved page 123 of chapter 6 to 123_06_”秦始皇_帝_九_年.txt
2025-06-20 18:38:38,487 - INFO - Saved page 124 of chapter 6 to 124_06_秦始皇_帝_九_年.txt
2025-06-20 18:38:38,487 - INFO - Saved page 125 of chapter 6 to 125_06_秦始皇_帝_九_年.txt
2025-06-20 18:38:38,488 - INFO - Saved page 126 of chapter 6 to 126_06_秦始皇_帝_十_年.txt
2025-06-20 18:38:38,489 - INFO - Saved page 127 of chapter 6 to 127_06_秦始皇_帝_十_一_年.txt
2025-06-20 18:38:38,490 - INFO - Saved page 128 of chapter 6 to 128_06_秦始皇_帝_十_二_年.txt
2025-06-20 18:38:38,491 - INFO - Saved page 129 of chapter 6 to 129_06_秦始皇_帝_十_四_年.txt
2025-06-20 18:38:38,493 - INFO - Saved page 130 of chapter 6 to 130_06_秦始皇_帝_十_五_年.txt
2025-06-20 18:38:38,494 - INFO - Saved page 131 of chapter 6 to 131_06_”_秦始皇_帝_十_七_年.txt
2025-06-20 18:38:38,494 - INFO - Saved page 132 of chapter 6 to 132_06_”秦始皇_帝_十_九_年.txt
2025-06-20 18:38:38,495 - INFO - Saved page 133 of chapter 6 to 133_06_秦始皇_帝_十_九_年.txt
2025-06-20 18:38:38,496 - INFO - Saved page 135 of chapter 7 to 135_07_秦始皇_帝_二_十_二_年.txt
2025-06-20 18:38:38,496 - INFO - Saved page 136 of chapter 7 to 136_07_”秦始皇_帝_二_十_三_年.txt
2025-06-20 18:38:38,497 - INFO - Saved page 137 of chapter 7 to 137_07_秦始皇_帝_二_十_五_年.txt
2025-06-20 18:38:38,497 - INFO - Saved page 138 of chapter 7 to 138_07_秦始皇_帝_二_十_五_年.txt
2025-06-20 18:38:38,497 - INFO - Saved page 139 of chapter 7 to 139_07_秦始皇_帝_二_十_六_年.txt
2025-06-20 18:38:38,497 - INFO - Saved page 140 of chapter 7 to 140_07_。_秦始皇_帝_二_十_六_年.txt
2025-06-20 18:38:38,497 - INFO - Saved page 141 of chapter 7 to 141_07_秦始皇_帝_二_十_七_年.txt
2025-06-20 18:38:38,497 - INFO - Saved page 143 of chapter 7 to 143_07_秦始皇_帝_三_十_三_年.txt
2025-06-20 18:38:38,502 - INFO - Saved page 144 of chapter 7 to 144_07_”秦始皇_帝_三_十_五_年.txt
2025-06-20 18:38:38,503 - INFO - Saved page 145 of chapter 7 to 145_07_。_秦始皇_帝_三_十_六_年.txt
2025-06-20 18:38:38,504 - INFO - Saved page 146 of chapter 7 to 146_07_秦始皇_帝_三_十_七_年.txt
2025-06-20 18:38:38,505 - INFO - Saved page 147 of chapter 7 to 147_07_秦始皇_帝_三_十_七_年.txt
2025-06-20 18:38:38,506 - INFO - Saved page 148 of chapter 7 to 148_07_。_秦始皇_帝_三_十_七_年.txt
2025-06-20 18:38:38,507 - INFO - Saved page 149 of chapter 7 to 149_07_秦_二_世_皇_帝_元_年.txt
2025-06-20 18:38:38,508 - INFO - Saved page 150 of chapter 7 to 150_07_秦_二_世_皇_帝_元_年.txt
2025-06-20 18:38:38,509 - INFO - Saved page 152 of chapter 7 to 152_07_秦_二_世_皇_帝_元_年.txt
2025-06-20 18:38:38,510 - INFO - Saved page 153 of chapter 7 to 153_07_秦_三_志和_皇帝_元_年.txt
2025-06-20 18:38:38,511 - INFO - Saved page 154 of chapter 7 to 154_07_。”_”_秦_二_世_皇_帝_元_年.txt
2025-06-20 18:38:38,512 - INFO - Saved page 155 of chapter 7 to 155_07_”._秦_二_志_皇_帝_元_年.txt
2025-06-20 18:38:38,513 - INFO - Saved page 156 of chapter 7 to 156_07_秦_二_世_皇_帝_元_年.txt
2025-06-20 18:38:38,514 - INFO - Saved page 157 of chapter 7 to 157_07_””_秦_二_世_皇_帝_元_年.txt
2025-06-20 18:38:38,514 - INFO - Saved page 158 of chapter 7 to 158_07_秦_二_世_皇_帝_元_年.txt
2025-06-20 18:38:38,514 - INFO - Saved page 160 of chapter 8 to 160_08_内_二_志和_皇帝_二_年.txt
2025-06-20 18:38:38,514 - INFO - Saved page 161 of chapter 8 to 161_08_秦_二_世_皇_帝_二_年.txt
2025-06-20 18:38:38,514 - INFO - Saved page 162 of chapter 8 to 162_08_。”_秦_二_世_皇_帝_二_年.txt
2025-06-20 18:38:38,514 - INFO - Saved page 163 of chapter 8 to 163_08_秦_二_世_和_皇帝_二_年.txt
2025-06-20 18:38:38,514 - INFO - Saved page 164 of chapter 8 to 164_08_秦_二_世_皇_帝_二_年.txt
2025-06-20 18:38:38,519 - INFO - Saved page 165 of chapter 8 to 165_08_秦_二_世_皇_帝_二_年.txt
2025-06-20 18:38:38,520 - INFO - Saved page 166 of chapter 8 to 166_08_秦_二_世_皇_帝_二_年.txt
2025-06-20 18:38:38,521 - INFO - Saved page 167 of chapter 8 to 167_08_秦_二_世_皇_帝_二_年.txt
2025-06-20 18:38:38,521 - INFO - Saved page 168 of chapter 8 to 168_08_秦_二_志和_皇帝_二_年.txt
2025-06-20 18:38:38,522 - INFO - Saved page 169 of chapter 8 to 169_08_秦_二_世_皇_帝_二_年.txt
2025-06-20 18:38:38,523 - INFO - Saved page 170 of chapter 8 to 170_08_秦_二_志_皇_帝_二_年.txt
2025-06-20 18:38:38,523 - INFO - Saved page 171 of chapter 8 to 171_08_秦_二_世_皇_帝_三_年.txt
2025-06-20 18:38:38,525 - INFO - Saved page 172 of chapter 8 to 172_08_秦_二_世_皇_帝_三_年.txt
2025-06-20 18:38:38,526 - INFO - Saved page 173 of chapter 8 to 173_08_秦_二_世_和_皇帝_三_年.txt
2025-06-20 18:38:38,527 - INFO - Saved page 175 of chapter 8 to 175_08_秦_二_志和_皇帝_三_年.txt
2025-06-20 18:38:38,528 - INFO - Saved page 176 of chapter 8 to 176_08_””_秦_二_世_和_皇帝_三_年.txt
2025-06-20 18:38:38,529 - INFO - Saved page 178 of chapter 8 to 178_08_秦_二_世_皇_帝_三_年.txt
2025-06-20 18:38:38,531 - INFO - Saved page 179 of chapter 8 to 179_08_。_秦_二_志和_皇帝_三_年.txt
2025-06-20 18:38:38,531 - INFO - Saved page 180 of chapter 8 to 180_08_秦_二_世_皇_帝_三_年.txt
2025-06-20 18:38:38,531 - INFO - Saved page 181 of chapter 8 to 181_08_秦_二_世_皇_帝_三_年.txt
2025-06-20 18:38:38,531 - INFO - Saved page 183 of chapter 9 to 183_09_汉_高_帝_元_年.txt
2025-06-20 18:38:38,531 - INFO - Saved page 184 of chapter 9 to 184_09_。”_汉_高_帝_元_年.txt
2025-06-20 18:38:38,531 - INFO - Saved page 186 of chapter 9 to 186_09_汉_高_帝_元_年.txt
2025-06-20 18:38:38,531 - INFO - Saved page 187 of chapter 9 to 187_09_汉_高_帝_元_年.txt
2025-06-20 18:38:38,536 - INFO - Saved page 188 of chapter 9 to 188_09_汉_高_帝_元_年.txt
2025-06-20 18:38:38,537 - INFO - Saved page 189 of chapter 9 to 189_09_汉_高_帝_元_年.txt
2025-06-20 18:38:38,538 - INFO - Saved page 191 of chapter 9 to 191_09_汉_高_帝_元_年.txt
2025-06-20 18:38:38,539 - INFO - Saved page 192 of chapter 9 to 192_09_汉_高_帝_元_年.txt
2025-06-20 18:38:38,540 - INFO - Saved page 193 of chapter 9 to 193_09_汉_高_帝_元_年.txt
2025-06-20 18:38:38,540 - INFO - Saved page 194 of chapter 9 to 194_09_汉_高_帝_元_年.txt
2025-06-20 18:38:38,541 - INFO - Saved page 195 of chapter 9 to 195_09_汉_高_帝_二_年.txt
2025-06-20 18:38:38,542 - INFO - Saved page 196 of chapter 9 to 196_09_汉_高_帝_二_年.txt
2025-06-20 18:38:38,543 - INFO - Saved page 197 of chapter 9 to 197_09_。”_汉_高_帝_二_年.txt
2025-06-20 18:38:38,544 - INFO - Saved page 198 of chapter 9 to 198_09_汉_高_帝_二_年.txt
2025-06-20 18:38:38,545 - INFO - Saved page 199 of chapter 9 to 199_09_汉_高_帝_二_年.txt
2025-06-20 18:38:38,546 - INFO - Saved page 200 of chapter 9 to 200_09_汉_高_帝_二_年.txt
2025-06-20 18:38:38,546 - INFO - Saved page 201 of chapter 9 to 201_09_。_汉_高_帝_二_年.txt
2025-06-20 18:38:38,547 - INFO - Saved page 202 of chapter 9 to 202_09_汉_高_帝_二_年_前_205》.txt
2025-06-20 18:38:38,547 - INFO - Saved page 204 of chapter 10 to 204_10_。_汉_高_帝_三_年.txt
2025-06-20 18:38:38,547 - INFO - Saved page 205 of chapter 10 to 205_10_汉_高_帝_三_年.txt
2025-06-20 18:38:38,547 - INFO - Saved page 206 of chapter 10 to 206_10_。_汉_高_帝_三_年.txt
2025-06-20 18:38:38,547 - INFO - Saved page 207 of chapter 10 to 207_10_汉_高_帝_三_年.txt
2025-06-20 18:38:38,547 - INFO - Saved page 208 of chapter 10 to 208_10_汉_高_帝_三_年.txt
2025-06-20 18:38:38,551 - INFO - Saved page 209 of chapter 10 to 209_10_汉_高_帝王_年.txt
2025-06-20 18:38:38,551 - INFO - Saved page 210 of chapter 10 to 210_10_汉_高_帝_三_年.txt
2025-06-20 18:38:38,552 - INFO - Saved page 211 of chapter 10 to 211_10_汉_高_帝_三_年.txt
2025-06-20 18:38:38,552 - INFO - Saved page 212 of chapter 10 to 212_10_汉_高_帝_三_年.txt
2025-06-20 18:38:38,553 - INFO - Saved page 213 of chapter 10 to 213_10_汉_高_帝_三_年.txt
2025-06-20 18:38:38,554 - INFO - Saved page 214 of chapter 10 to 214_10_汉_高_帝_三_年.txt
2025-06-20 18:38:38,554 - INFO - Saved page 215 of chapter 10 to 215_10_汉_高_帝_三_年.txt
2025-06-20 18:38:38,555 - INFO - Saved page 216 of chapter 10 to 216_10_汉_高_帝_三_年.txt
2025-06-20 18:38:38,556 - INFO - Saved page 217 of chapter 10 to 217_10_。_汉_高_帝_四_年.txt
2025-06-20 18:38:38,556 - INFO - Saved page 218 of chapter 10 to 218_10_汉_高_帝_四_年.txt
2025-06-20 18:38:38,557 - INFO - Saved page 219 of chapter 10 to 219_10_汉_高_帝_四_年.txt
2025-06-20 18:38:38,559 - INFO - Saved page 220 of chapter 10 to 220_10_汉_高_帝_四_年.txt
2025-06-20 18:38:38,559 - INFO - Saved page 222 of chapter 10 to 222_10_汉_高_帝_四_年.txt
2025-06-20 18:38:38,560 - INFO - Saved page 223 of chapter 10 to 223_10_。”_汉_高_帝_四_年.txt
2025-06-20 18:38:38,562 - INFO - Saved page 224 of chapter 10 to 224_10_汉_高_帝_四_年.txt
2025-06-20 18:38:38,562 - INFO - Extraction complete!
2025-06-20 18:38:38,562 - INFO - Page range: 3 - 224
2025-06-20 18:38:38,562 - INFO - Chapter range: 1 - 10
2025-06-20 18:38:38,563 - INFO - Total files created: 201
2025-06-20 18:38:38,563 - INFO - ✓ All pages and chapters are in correct order
